
2023-03-15 11:16:17.022 ERROR [main] [eu.luminess.indus.MyApp.testPersonne(MyApp.java:85)] - echec setAge
eu.luminess.indus.exception.AgeInvalideException: age négatif invalide
	at eu.luminess.indus.pers.Personne.setAge(Personne.java:68) ~[classes/:?]
	at eu.luminess.indus.MyApp.testPersonne(MyApp.java:78) [classes/:?]
	at eu.luminess.indus.MyApp.main(MyApp.java:22) [classes/:?]
2023-03-15 11:20:27.256 ERROR [main] [eu.luminess.indus.MyApp.testPersonne(MyApp.java:85)] - echec setAge
eu.luminess.indus.exception.AgeInvalideException: age négatif invalide
	at eu.luminess.indus.pers.Personne.setAge(Personne.java:68) ~[classes/:?]
	at eu.luminess.indus.MyApp.testPersonne(MyApp.java:78) [classes/:?]
	at eu.luminess.indus.MyApp.main(MyApp.java:22) [classes/:?]
2023-03-15 11:20:48.341 DEBUG [main] [eu.luminess.indus.MyApp.main(MyApp.java:18)] - debut du main
2023-03-15 11:20:48.350 ERROR [main] [eu.luminess.indus.MyApp.testPersonne(MyApp.java:85)] - echec setAge
eu.luminess.indus.exception.AgeInvalideException: age négatif invalide
	at eu.luminess.indus.pers.Personne.setAge(Personne.java:68) ~[classes/:?]
	at eu.luminess.indus.MyApp.testPersonne(MyApp.java:78) [classes/:?]
	at eu.luminess.indus.MyApp.main(MyApp.java:22) [classes/:?]
2023-03-15 13:37:38.351 DEBUG [main] [eu.luminess.indus.MyApp.main(MyApp.java:19)] - debut du main
2023-03-15 13:37:38.360 ERROR [main] [eu.luminess.indus.MyApp.testPersonne(MyApp.java:87)] - echec setAge
eu.luminess.indus.exception.AgeInvalideException: age négatif invalide
	at eu.luminess.indus.pers.Personne.setAge(Personne.java:68) ~[classes/:?]
	at eu.luminess.indus.MyApp.testPersonne(MyApp.java:80) [classes/:?]
	at eu.luminess.indus.MyApp.main(MyApp.java:23) [classes/:?]
2023-03-15 13:38:51.753 DEBUG [main] [eu.luminess.indus.MyApp.main(MyApp.java:19)] - debut du main
2023-03-15 13:38:51.761 ERROR [main] [eu.luminess.indus.MyApp.testPersonne(MyApp.java:83)] - echec setAge
eu.luminess.indus.exception.AgeInvalideException: age négatif invalide
	at eu.luminess.indus.pers.Personne.setAge(Personne.java:68) ~[classes/:?]
	at eu.luminess.indus.MyApp.testPersonne(MyApp.java:78) [classes/:?]
	at eu.luminess.indus.MyApp.main(MyApp.java:23) [classes/:?]
2023-03-15 13:56:37.946 DEBUG [main] [eu.luminess.indus.MyApp.main(MyApp.java:19)] - debut du main
2023-03-15 13:56:37.955 ERROR [main] [eu.luminess.indus.MyApp.testPersonne(MyApp.java:83)] - echec setAge
eu.luminess.indus.exception.AgeInvalideException: age négatif invalide
	at eu.luminess.indus.pers.Personne.setAge(Personne.java:68) ~[classes/:?]
	at eu.luminess.indus.MyApp.testPersonne(MyApp.java:78) [classes/:?]
	at eu.luminess.indus.MyApp.main(MyApp.java:23) [classes/:?]
2023-03-15 13:57:09.796 DEBUG [main] [eu.luminess.indus.MyApp.main(MyApp.java:19)] - debut du main
2023-03-15 13:57:09.806 ERROR [main] [eu.luminess.indus.MyApp.testPersonne(MyApp.java:83)] - echec setAge
eu.luminess.indus.exception.AgeInvalideException: age négatif invalide
	at eu.luminess.indus.pers.Personne.setAge(Personne.java:68) ~[classes/:?]
	at eu.luminess.indus.MyApp.testPersonne(MyApp.java:78) [classes/:?]
	at eu.luminess.indus.MyApp.main(MyApp.java:23) [classes/:?]
2023-03-15 14:25:08.075 DEBUG [main] [eu.luminess.indus.MyApp.main(MyApp.java:19)] - debut du main
2023-03-15 14:25:08.084 ERROR [main] [eu.luminess.indus.MyApp.testPersonne(MyApp.java:83)] - echec setAge
eu.luminess.indus.exception.AgeInvalideException: age négatif invalide
	at eu.luminess.indus.pers.Personne.setAge(Personne.java:68) ~[classes/:?]
	at eu.luminess.indus.MyApp.testPersonne(MyApp.java:78) [classes/:?]
	at eu.luminess.indus.MyApp.main(MyApp.java:23) [classes/:?]
